=== RUN   TestParallelMapOrdered
=== PAUSE TestParallelMapOrdered
=== RUN   TestParallelMapValidation
=== PAUSE TestParallelMapValidation
=== RUN   TestParallelMapCancelsAndWaits
=== PAUSE TestParallelMapCancelsAndWaits
=== RUN   TestParallelMapPanicBecomesError
=== PAUSE TestParallelMapPanicBecomesError
=== RUN   TestParallelMapParentCancellation
=== PAUSE TestParallelMapParentCancellation
=== RUN   TestParallelMapDoesNotLeakObviousGoroutines
--- PASS: TestParallelMapDoesNotLeakObviousGoroutines (0.05s)
=== CONT  TestParallelMapValidation
=== CONT  TestParallelMapPanicBecomesError
=== CONT  TestParallelMapCancelsAndWaits
--- PASS: TestParallelMapValidation (0.00s)
=== CONT  TestParallelMapOrdered
=== CONT  TestParallelMapParentCancellation
=== NAME  TestParallelMapPanicBecomesError
    solution_test.go:89: panic must become descriptive error, got context canceled
--- PASS: TestParallelMapParentCancellation (0.00s)
--- FAIL: TestParallelMapPanicBecomesError (0.00s)
=== NAME  TestParallelMapCancelsAndWaits
    solution_test.go:70: got error context canceled, want wrapping stop
--- FAIL: TestParallelMapCancelsAndWaits (0.00s)
--- PASS: TestParallelMapOrdered (0.01s)
=== RUN   TestParallelMapOrdered
=== PAUSE TestParallelMapOrdered
=== RUN   TestParallelMapValidation
=== PAUSE TestParallelMapValidation
=== RUN   TestParallelMapCancelsAndWaits
=== PAUSE TestParallelMapCancelsAndWaits
=== RUN   TestParallelMapPanicBecomesError
=== PAUSE TestParallelMapPanicBecomesError
=== RUN   TestParallelMapParentCancellation
=== PAUSE TestParallelMapParentCancellation
=== RUN   TestParallelMapDoesNotLeakObviousGoroutines
--- PASS: TestParallelMapDoesNotLeakObviousGoroutines (0.05s)
=== CONT  TestParallelMapOrdered
=== CONT  TestParallelMapPanicBecomesError
=== CONT  TestParallelMapParentCancellation
=== CONT  TestParallelMapValidation
=== CONT  TestParallelMapCancelsAndWaits
--- PASS: TestParallelMapParentCancellation (0.00s)
=== NAME  TestParallelMapPanicBecomesError
    solution_test.go:89: panic must become descriptive error, got context canceled
--- PASS: TestParallelMapValidation (0.00s)
--- FAIL: TestParallelMapPanicBecomesError (0.00s)
=== NAME  TestParallelMapCancelsAndWaits
    solution_test.go:70: got error context canceled, want wrapping stop
--- FAIL: TestParallelMapCancelsAndWaits (0.00s)
--- PASS: TestParallelMapOrdered (0.01s)
=== RUN   TestParallelMapOrdered
=== PAUSE TestParallelMapOrdered
=== RUN   TestParallelMapValidation
=== PAUSE TestParallelMapValidation
=== RUN   TestParallelMapCancelsAndWaits
=== PAUSE TestParallelMapCancelsAndWaits
=== RUN   TestParallelMapPanicBecomesError
=== PAUSE TestParallelMapPanicBecomesError
=== RUN   TestParallelMapParentCancellation
=== PAUSE TestParallelMapParentCancellation
=== RUN   TestParallelMapDoesNotLeakObviousGoroutines
--- PASS: TestParallelMapDoesNotLeakObviousGoroutines (0.05s)
=== CONT  TestParallelMapOrdered
=== CONT  TestParallelMapParentCancellation
=== CONT  TestParallelMapCancelsAndWaits
=== CONT  TestParallelMapValidation
--- PASS: TestParallelMapParentCancellation (0.00s)
=== CONT  TestParallelMapPanicBecomesError
--- PASS: TestParallelMapValidation (0.00s)
=== NAME  TestParallelMapPanicBecomesError
    solution_test.go:89: panic must become descriptive error, got context canceled
--- FAIL: TestParallelMapPanicBecomesError (0.00s)
=== NAME  TestParallelMapCancelsAndWaits
    solution_test.go:70: got error context canceled, want wrapping stop
--- FAIL: TestParallelMapCancelsAndWaits (0.00s)
--- PASS: TestParallelMapOrdered (0.01s)
=== RUN   TestParallelMapOrdered
=== PAUSE TestParallelMapOrdered
=== RUN   TestParallelMapValidation
=== PAUSE TestParallelMapValidation
=== RUN   TestParallelMapCancelsAndWaits
=== PAUSE TestParallelMapCancelsAndWaits
=== RUN   TestParallelMapPanicBecomesError
=== PAUSE TestParallelMapPanicBecomesError
=== RUN   TestParallelMapParentCancellation
=== PAUSE TestParallelMapParentCancellation
=== RUN   TestParallelMapDoesNotLeakObviousGoroutines
--- PASS: TestParallelMapDoesNotLeakObviousGoroutines (0.05s)
=== CONT  TestParallelMapValidation
=== CONT  TestParallelMapCancelsAndWaits
--- PASS: TestParallelMapValidation (0.00s)
=== CONT  TestParallelMapParentCancellation
=== CONT  TestParallelMapPanicBecomesError
=== CONT  TestParallelMapOrdered
=== NAME  TestParallelMapPanicBecomesError
    solution_test.go:89: panic must become descriptive error, got context canceled
--- PASS: TestParallelMapParentCancellation (0.00s)
--- FAIL: TestParallelMapPanicBecomesError (0.00s)
=== NAME  TestParallelMapCancelsAndWaits
    solution_test.go:70: got error context canceled, want wrapping stop
--- FAIL: TestParallelMapCancelsAndWaits (0.00s)
--- PASS: TestParallelMapOrdered (0.01s)
=== RUN   TestParallelMapOrdered
=== PAUSE TestParallelMapOrdered
=== RUN   TestParallelMapValidation
=== PAUSE TestParallelMapValidation
=== RUN   TestParallelMapCancelsAndWaits
=== PAUSE TestParallelMapCancelsAndWaits
=== RUN   TestParallelMapPanicBecomesError
=== PAUSE TestParallelMapPanicBecomesError
=== RUN   TestParallelMapParentCancellation
=== PAUSE TestParallelMapParentCancellation
=== RUN   TestParallelMapDoesNotLeakObviousGoroutines
--- PASS: TestParallelMapDoesNotLeakObviousGoroutines (0.06s)
=== CONT  TestParallelMapOrdered
=== CONT  TestParallelMapPanicBecomesError
=== CONT  TestParallelMapCancelsAndWaits
=== CONT  TestParallelMapValidation
--- PASS: TestParallelMapValidation (0.00s)
=== CONT  TestParallelMapParentCancellation
=== NAME  TestParallelMapPanicBecomesError
    solution_test.go:89: panic must become descriptive error, got context canceled
--- FAIL: TestParallelMapPanicBecomesError (0.00s)
=== NAME  TestParallelMapCancelsAndWaits
    solution_test.go:70: got error context canceled, want wrapping stop
--- PASS: TestParallelMapParentCancellation (0.00s)
--- FAIL: TestParallelMapCancelsAndWaits (0.00s)
--- PASS: TestParallelMapOrdered (0.01s)
=== RUN   TestParallelMapOrdered
=== PAUSE TestParallelMapOrdered
=== RUN   TestParallelMapValidation
=== PAUSE TestParallelMapValidation
=== RUN   TestParallelMapCancelsAndWaits
=== PAUSE TestParallelMapCancelsAndWaits
=== RUN   TestParallelMapPanicBecomesError
=== PAUSE TestParallelMapPanicBecomesError
=== RUN   TestParallelMapParentCancellation
=== PAUSE TestParallelMapParentCancellation
=== RUN   TestParallelMapDoesNotLeakObviousGoroutines
--- PASS: TestParallelMapDoesNotLeakObviousGoroutines (0.05s)
=== CONT  TestParallelMapValidation
=== CONT  TestParallelMapCancelsAndWaits
=== CONT  TestParallelMapParentCancellation
=== CONT  TestParallelMapOrdered
=== CONT  TestParallelMapPanicBecomesError
--- PASS: TestParallelMapValidation (0.00s)
--- PASS: TestParallelMapParentCancellation (0.00s)
=== NAME  TestParallelMapCancelsAndWaits
    solution_test.go:70: got error context canceled, want wrapping stop
=== NAME  TestParallelMapPanicBecomesError
    solution_test.go:89: panic must become descriptive error, got context canceled
--- FAIL: TestParallelMapCancelsAndWaits (0.00s)
--- FAIL: TestParallelMapPanicBecomesError (0.00s)
--- PASS: TestParallelMapOrdered (0.01s)
=== RUN   TestParallelMapOrdered
=== PAUSE TestParallelMapOrdered
=== RUN   TestParallelMapValidation
=== PAUSE TestParallelMapValidation
=== RUN   TestParallelMapCancelsAndWaits
=== PAUSE TestParallelMapCancelsAndWaits
=== RUN   TestParallelMapPanicBecomesError
=== PAUSE TestParallelMapPanicBecomesError
=== RUN   TestParallelMapParentCancellation
=== PAUSE TestParallelMapParentCancellation
=== RUN   TestParallelMapDoesNotLeakObviousGoroutines
--- PASS: TestParallelMapDoesNotLeakObviousGoroutines (0.06s)
=== CONT  TestParallelMapCancelsAndWaits
=== CONT  TestParallelMapPanicBecomesError
=== CONT  TestParallelMapValidation
=== CONT  TestParallelMapOrdered
=== CONT  TestParallelMapParentCancellation
--- PASS: TestParallelMapValidation (0.00s)
=== NAME  TestParallelMapPanicBecomesError
    solution_test.go:89: panic must become descriptive error, got context canceled
--- FAIL: TestParallelMapPanicBecomesError (0.00s)
--- PASS: TestParallelMapParentCancellation (0.00s)
=== NAME  TestParallelMapCancelsAndWaits
    solution_test.go:70: got error context canceled, want wrapping stop
--- FAIL: TestParallelMapCancelsAndWaits (0.00s)
--- PASS: TestParallelMapOrdered (0.01s)
=== RUN   TestParallelMapOrdered
=== PAUSE TestParallelMapOrdered
=== RUN   TestParallelMapValidation
=== PAUSE TestParallelMapValidation
=== RUN   TestParallelMapCancelsAndWaits
=== PAUSE TestParallelMapCancelsAndWaits
=== RUN   TestParallelMapPanicBecomesError
=== PAUSE TestParallelMapPanicBecomesError
=== RUN   TestParallelMapParentCancellation
=== PAUSE TestParallelMapParentCancellation
=== RUN   TestParallelMapDoesNotLeakObviousGoroutines
--- PASS: TestParallelMapDoesNotLeakObviousGoroutines (0.05s)
=== CONT  TestParallelMapOrdered
=== CONT  TestParallelMapPanicBecomesError
=== CONT  TestParallelMapParentCancellation
=== CONT  TestParallelMapValidation
=== NAME  TestParallelMapPanicBecomesError
    solution_test.go:89: panic must become descriptive error, got context canceled
=== CONT  TestParallelMapCancelsAndWaits
--- PASS: TestParallelMapValidation (0.00s)
--- FAIL: TestParallelMapPanicBecomesError (0.00s)
--- PASS: TestParallelMapParentCancellation (0.00s)
=== NAME  TestParallelMapCancelsAndWaits
    solution_test.go:70: got error context canceled, want wrapping stop
--- FAIL: TestParallelMapCancelsAndWaits (0.00s)
--- PASS: TestParallelMapOrdered (0.01s)
=== RUN   TestParallelMapOrdered
=== PAUSE TestParallelMapOrdered
=== RUN   TestParallelMapValidation
=== PAUSE TestParallelMapValidation
=== RUN   TestParallelMapCancelsAndWaits
=== PAUSE TestParallelMapCancelsAndWaits
=== RUN   TestParallelMapPanicBecomesError
=== PAUSE TestParallelMapPanicBecomesError
=== RUN   TestParallelMapParentCancellation
=== PAUSE TestParallelMapParentCancellation
=== RUN   TestParallelMapDoesNotLeakObviousGoroutines
--- PASS: TestParallelMapDoesNotLeakObviousGoroutines (0.05s)
=== CONT  TestParallelMapOrdered
=== CONT  TestParallelMapPanicBecomesError
=== CONT  TestParallelMapCancelsAndWaits
=== CONT  TestParallelMapValidation
=== CONT  TestParallelMapParentCancellation
--- PASS: TestParallelMapValidation (0.00s)
=== NAME  TestParallelMapPanicBecomesError
    solution_test.go:89: panic must become descriptive error, got context canceled
--- PASS: TestParallelMapParentCancellation (0.00s)
--- FAIL: TestParallelMapPanicBecomesError (0.00s)
=== NAME  TestParallelMapCancelsAndWaits
    solution_test.go:70: got error context canceled, want wrapping stop
--- FAIL: TestParallelMapCancelsAndWaits (0.00s)
--- PASS: TestParallelMapOrdered (0.01s)
=== RUN   TestParallelMapOrdered
=== PAUSE TestParallelMapOrdered
=== RUN   TestParallelMapValidation
=== PAUSE TestParallelMapValidation
=== RUN   TestParallelMapCancelsAndWaits
=== PAUSE TestParallelMapCancelsAndWaits
=== RUN   TestParallelMapPanicBecomesError
=== PAUSE TestParallelMapPanicBecomesError
=== RUN   TestParallelMapParentCancellation
=== PAUSE TestParallelMapParentCancellation
=== RUN   TestParallelMapDoesNotLeakObviousGoroutines
--- PASS: TestParallelMapDoesNotLeakObviousGoroutines (0.05s)
=== CONT  TestParallelMapOrdered
=== CONT  TestParallelMapCancelsAndWaits
=== CONT  TestParallelMapParentCancellation
=== CONT  TestParallelMapPanicBecomesError
--- PASS: TestParallelMapParentCancellation (0.00s)
=== CONT  TestParallelMapValidation
=== NAME  TestParallelMapPanicBecomesError
    solution_test.go:89: panic must become descriptive error, got context canceled
--- PASS: TestParallelMapValidation (0.00s)
--- FAIL: TestParallelMapPanicBecomesError (0.00s)
=== NAME  TestParallelMapCancelsAndWaits
    solution_test.go:70: got error context canceled, want wrapping stop
--- FAIL: TestParallelMapCancelsAndWaits (0.00s)
--- PASS: TestParallelMapOrdered (0.01s)
=== RUN   TestParallelMapOrdered
=== PAUSE TestParallelMapOrdered
=== RUN   TestParallelMapValidation
=== PAUSE TestParallelMapValidation
=== RUN   TestParallelMapCancelsAndWaits
=== PAUSE TestParallelMapCancelsAndWaits
=== RUN   TestParallelMapPanicBecomesError
=== PAUSE TestParallelMapPanicBecomesError
=== RUN   TestParallelMapParentCancellation
=== PAUSE TestParallelMapParentCancellation
=== RUN   TestParallelMapDoesNotLeakObviousGoroutines
--- PASS: TestParallelMapDoesNotLeakObviousGoroutines (0.05s)
=== CONT  TestParallelMapValidation
=== CONT  TestParallelMapPanicBecomesError
=== CONT  TestParallelMapOrdered
=== CONT  TestParallelMapParentCancellation
=== CONT  TestParallelMapCancelsAndWaits
--- PASS: TestParallelMapValidation (0.00s)
=== NAME  TestParallelMapPanicBecomesError
    solution_test.go:89: panic must become descriptive error, got context canceled
--- FAIL: TestParallelMapPanicBecomesError (0.00s)
--- PASS: TestParallelMapParentCancellation (0.00s)
=== NAME  TestParallelMapCancelsAndWaits
    solution_test.go:70: got error context canceled, want wrapping stop
--- FAIL: TestParallelMapCancelsAndWaits (0.00s)
--- PASS: TestParallelMapOrdered (0.01s)
=== RUN   TestParallelMapOrdered
=== PAUSE TestParallelMapOrdered
=== RUN   TestParallelMapValidation
=== PAUSE TestParallelMapValidation
=== RUN   TestParallelMapCancelsAndWaits
=== PAUSE TestParallelMapCancelsAndWaits
=== RUN   TestParallelMapPanicBecomesError
=== PAUSE TestParallelMapPanicBecomesError
=== RUN   TestParallelMapParentCancellation
=== PAUSE TestParallelMapParentCancellation
=== RUN   TestParallelMapDoesNotLeakObviousGoroutines
--- PASS: TestParallelMapDoesNotLeakObviousGoroutines (0.05s)
=== CONT  TestParallelMapCancelsAndWaits
=== CONT  TestParallelMapPanicBecomesError
=== CONT  TestParallelMapValidation
=== CONT  TestParallelMapOrdered
=== CONT  TestParallelMapParentCancellation
--- PASS: TestParallelMapValidation (0.00s)
=== NAME  TestParallelMapPanicBecomesError
    solution_test.go:89: panic must become descriptive error, got context canceled
--- FAIL: TestParallelMapPanicBecomesError (0.00s)
--- PASS: TestParallelMapParentCancellation (0.00s)
=== NAME  TestParallelMapCancelsAndWaits
    solution_test.go:70: got error context canceled, want wrapping stop
--- FAIL: TestParallelMapCancelsAndWaits (0.00s)
--- PASS: TestParallelMapOrdered (0.01s)
=== RUN   TestParallelMapOrdered
=== PAUSE TestParallelMapOrdered
=== RUN   TestParallelMapValidation
=== PAUSE TestParallelMapValidation
=== RUN   TestParallelMapCancelsAndWaits
=== PAUSE TestParallelMapCancelsAndWaits
=== RUN   TestParallelMapPanicBecomesError
=== PAUSE TestParallelMapPanicBecomesError
=== RUN   TestParallelMapParentCancellation
=== PAUSE TestParallelMapParentCancellation
=== RUN   TestParallelMapDoesNotLeakObviousGoroutines
--- PASS: TestParallelMapDoesNotLeakObviousGoroutines (0.05s)
=== CONT  TestParallelMapOrdered
=== CONT  TestParallelMapParentCancellation
=== CONT  TestParallelMapCancelsAndWaits
=== CONT  TestParallelMapPanicBecomesError
--- PASS: TestParallelMapParentCancellation (0.00s)
=== CONT  TestParallelMapValidation
--- PASS: TestParallelMapValidation (0.00s)
=== NAME  TestParallelMapCancelsAndWaits
    solution_test.go:70: got error context canceled, want wrapping stop
=== NAME  TestParallelMapPanicBecomesError
    solution_test.go:89: panic must become descriptive error, got context canceled
--- FAIL: TestParallelMapCancelsAndWaits (0.00s)
--- FAIL: TestParallelMapPanicBecomesError (0.00s)
--- PASS: TestParallelMapOrdered (0.01s)
=== RUN   TestParallelMapOrdered
=== PAUSE TestParallelMapOrdered
=== RUN   TestParallelMapValidation
=== PAUSE TestParallelMapValidation
=== RUN   TestParallelMapCancelsAndWaits
=== PAUSE TestParallelMapCancelsAndWaits
=== RUN   TestParallelMapPanicBecomesError
=== PAUSE TestParallelMapPanicBecomesError
=== RUN   TestParallelMapParentCancellation
=== PAUSE TestParallelMapParentCancellation
=== RUN   TestParallelMapDoesNotLeakObviousGoroutines
--- PASS: TestParallelMapDoesNotLeakObviousGoroutines (0.05s)
=== CONT  TestParallelMapOrdered
=== CONT  TestParallelMapPanicBecomesError
=== CONT  TestParallelMapParentCancellation
=== CONT  TestParallelMapCancelsAndWaits
=== CONT  TestParallelMapValidation
--- PASS: TestParallelMapParentCancellation (0.00s)
=== NAME  TestParallelMapPanicBecomesError
    solution_test.go:89: panic must become descriptive error, got context canceled
--- PASS: TestParallelMapValidation (0.00s)
--- FAIL: TestParallelMapPanicBecomesError (0.00s)
=== NAME  TestParallelMapCancelsAndWaits
    solution_test.go:70: got error context canceled, want wrapping stop
--- FAIL: TestParallelMapCancelsAndWaits (0.00s)
--- PASS: TestParallelMapOrdered (0.01s)
=== RUN   TestParallelMapOrdered
=== PAUSE TestParallelMapOrdered
=== RUN   TestParallelMapValidation
=== PAUSE TestParallelMapValidation
=== RUN   TestParallelMapCancelsAndWaits
=== PAUSE TestParallelMapCancelsAndWaits
=== RUN   TestParallelMapPanicBecomesError
=== PAUSE TestParallelMapPanicBecomesError
=== RUN   TestParallelMapParentCancellation
=== PAUSE TestParallelMapParentCancellation
=== RUN   TestParallelMapDoesNotLeakObviousGoroutines
--- PASS: TestParallelMapDoesNotLeakObviousGoroutines (0.05s)
=== CONT  TestParallelMapOrdered
=== CONT  TestParallelMapCancelsAndWaits
=== CONT  TestParallelMapParentCancellation
=== CONT  TestParallelMapPanicBecomesError
=== CONT  TestParallelMapValidation
--- PASS: TestParallelMapParentCancellation (0.00s)
--- PASS: TestParallelMapValidation (0.00s)
=== NAME  TestParallelMapPanicBecomesError
    solution_test.go:89: panic must become descriptive error, got context canceled
--- FAIL: TestParallelMapPanicBecomesError (0.00s)
=== NAME  TestParallelMapCancelsAndWaits
    solution_test.go:70: got error context canceled, want wrapping stop
--- FAIL: TestParallelMapCancelsAndWaits (0.00s)
--- PASS: TestParallelMapOrdered (0.01s)
=== RUN   TestParallelMapOrdered
=== PAUSE TestParallelMapOrdered
=== RUN   TestParallelMapValidation
=== PAUSE TestParallelMapValidation
=== RUN   TestParallelMapCancelsAndWaits
=== PAUSE TestParallelMapCancelsAndWaits
=== RUN   TestParallelMapPanicBecomesError
=== PAUSE TestParallelMapPanicBecomesError
=== RUN   TestParallelMapParentCancellation
=== PAUSE TestParallelMapParentCancellation
=== RUN   TestParallelMapDoesNotLeakObviousGoroutines
--- PASS: TestParallelMapDoesNotLeakObviousGoroutines (0.05s)
=== CONT  TestParallelMapValidation
=== CONT  TestParallelMapOrdered
=== CONT  TestParallelMapPanicBecomesError
=== CONT  TestParallelMapCancelsAndWaits
=== CONT  TestParallelMapParentCancellation
--- PASS: TestParallelMapValidation (0.00s)
=== NAME  TestParallelMapPanicBecomesError
    solution_test.go:89: panic must become descriptive error, got context canceled
--- FAIL: TestParallelMapPanicBecomesError (0.00s)
=== NAME  TestParallelMapCancelsAndWaits
    solution_test.go:70: got error context canceled, want wrapping stop
--- FAIL: TestParallelMapCancelsAndWaits (0.00s)
--- PASS: TestParallelMapParentCancellation (0.00s)
--- PASS: TestParallelMapOrdered (0.01s)
=== RUN   TestParallelMapOrdered
=== PAUSE TestParallelMapOrdered
=== RUN   TestParallelMapValidation
=== PAUSE TestParallelMapValidation
=== RUN   TestParallelMapCancelsAndWaits
=== PAUSE TestParallelMapCancelsAndWaits
=== RUN   TestParallelMapPanicBecomesError
=== PAUSE TestParallelMapPanicBecomesError
=== RUN   TestParallelMapParentCancellation
=== PAUSE TestParallelMapParentCancellation
=== RUN   TestParallelMapDoesNotLeakObviousGoroutines
--- PASS: TestParallelMapDoesNotLeakObviousGoroutines (0.05s)
=== CONT  TestParallelMapValidation
=== CONT  TestParallelMapOrdered
--- PASS: TestParallelMapValidation (0.00s)
=== CONT  TestParallelMapCancelsAndWaits
=== CONT  TestParallelMapParentCancellation
=== CONT  TestParallelMapPanicBecomesError
--- PASS: TestParallelMapParentCancellation (0.00s)
=== NAME  TestParallelMapCancelsAndWaits
    solution_test.go:70: got error context canceled, want wrapping stop
=== NAME  TestParallelMapPanicBecomesError
    solution_test.go:89: panic must become descriptive error, got context canceled
--- FAIL: TestParallelMapCancelsAndWaits (0.00s)
--- FAIL: TestParallelMapPanicBecomesError (0.00s)
--- PASS: TestParallelMapOrdered (0.01s)
=== RUN   TestParallelMapOrdered
=== PAUSE TestParallelMapOrdered
=== RUN   TestParallelMapValidation
=== PAUSE TestParallelMapValidation
=== RUN   TestParallelMapCancelsAndWaits
=== PAUSE TestParallelMapCancelsAndWaits
=== RUN   TestParallelMapPanicBecomesError
=== PAUSE TestParallelMapPanicBecomesError
=== RUN   TestParallelMapParentCancellation
=== PAUSE TestParallelMapParentCancellation
=== RUN   TestParallelMapDoesNotLeakObviousGoroutines
--- PASS: TestParallelMapDoesNotLeakObviousGoroutines (0.06s)
=== CONT  TestParallelMapOrdered
=== CONT  TestParallelMapParentCancellation
=== CONT  TestParallelMapPanicBecomesError
=== CONT  TestParallelMapCancelsAndWaits
=== CONT  TestParallelMapValidation
--- PASS: TestParallelMapParentCancellation (0.00s)
--- PASS: TestParallelMapValidation (0.00s)
=== NAME  TestParallelMapPanicBecomesError
    solution_test.go:89: panic must become descriptive error, got context canceled
--- FAIL: TestParallelMapPanicBecomesError (0.00s)
=== NAME  TestParallelMapCancelsAndWaits
    solution_test.go:70: got error context canceled, want wrapping stop
--- FAIL: TestParallelMapCancelsAndWaits (0.00s)
--- PASS: TestParallelMapOrdered (0.01s)
=== RUN   TestParallelMapOrdered
=== PAUSE TestParallelMapOrdered
=== RUN   TestParallelMapValidation
=== PAUSE TestParallelMapValidation
=== RUN   TestParallelMapCancelsAndWaits
=== PAUSE TestParallelMapCancelsAndWaits
=== RUN   TestParallelMapPanicBecomesError
=== PAUSE TestParallelMapPanicBecomesError
=== RUN   TestParallelMapParentCancellation
=== PAUSE TestParallelMapParentCancellation
=== RUN   TestParallelMapDoesNotLeakObviousGoroutines
--- PASS: TestParallelMapDoesNotLeakObviousGoroutines (0.05s)
=== CONT  TestParallelMapOrdered
=== CONT  TestParallelMapParentCancellation
=== CONT  TestParallelMapValidation
=== CONT  TestParallelMapCancelsAndWaits
--- PASS: TestParallelMapValidation (0.00s)
=== CONT  TestParallelMapPanicBecomesError
--- PASS: TestParallelMapParentCancellation (0.00s)
=== NAME  TestParallelMapCancelsAndWaits
    solution_test.go:70: got error context canceled, want wrapping stop
=== NAME  TestParallelMapPanicBecomesError
    solution_test.go:89: panic must become descriptive error, got context canceled
--- FAIL: TestParallelMapCancelsAndWaits (0.00s)
--- FAIL: TestParallelMapPanicBecomesError (0.00s)
--- PASS: TestParallelMapOrdered (0.01s)
=== RUN   TestParallelMapOrdered
=== PAUSE TestParallelMapOrdered
=== RUN   TestParallelMapValidation
=== PAUSE TestParallelMapValidation
=== RUN   TestParallelMapCancelsAndWaits
=== PAUSE TestParallelMapCancelsAndWaits
=== RUN   TestParallelMapPanicBecomesError
=== PAUSE TestParallelMapPanicBecomesError
=== RUN   TestParallelMapParentCancellation
=== PAUSE TestParallelMapParentCancellation
=== RUN   TestParallelMapDoesNotLeakObviousGoroutines
--- PASS: TestParallelMapDoesNotLeakObviousGoroutines (0.05s)
=== CONT  TestParallelMapValidation
=== CONT  TestParallelMapParentCancellation
=== CONT  TestParallelMapOrdered
=== CONT  TestParallelMapCancelsAndWaits
=== CONT  TestParallelMapPanicBecomesError
--- PASS: TestParallelMapValidation (0.00s)
--- PASS: TestParallelMapParentCancellation (0.00s)
=== NAME  TestParallelMapPanicBecomesError
    solution_test.go:89: panic must become descriptive error, got context canceled
--- FAIL: TestParallelMapPanicBecomesError (0.00s)
=== NAME  TestParallelMapCancelsAndWaits
    solution_test.go:70: got error context canceled, want wrapping stop
--- FAIL: TestParallelMapCancelsAndWaits (0.00s)
--- PASS: TestParallelMapOrdered (0.01s)
FAIL
FAIL	benchmark/pmap	1.619s
FAIL
